==============================================================================
myTestCase                                                                    
==============================================================================
Open google.com                                                       | PASS |
------------------------------------------------------------------------------
visit about me page                                                   | PASS |
------------------------------------------------------------------------------
Test valid login to Swag Labs                                         | PASS |
------------------------------------------------------------------------------
Test invalid username login to Swag Labs                              | PASS |
------------------------------------------------------------------------------
check add button functionality                                        | PASS |
------------------------------------------------------------------------------
Check forget password functionality for OrangeHRM website               
  Traceback (most recent call last):
    ~~~~~~~~~~~~~~~~~~~~~~~~~~~~~~~~~~~~~~~~~~~~~~~~~~~~~~~~~~~~~~~~~~~~~~~~~~
    File  /Users/shyam.sunder/Documents/Projects/test_robot/myproject/myapp/test_cases/myTestCase.robot:36
    T:  Check forget password functionality for OrangeHRM website    
    ~~~~~~~~~~~~~~~~~~~~~~~~~~~~~~~~~~~~~~~~~~~~~~~~~~~~~~~~~~~~~~~~~~~~~~~~~~
    File  /Users/shyam.sunder/Documents/Projects/test_robot/myproject/myapp/test_cases/myTestCase.robot:39
      Click Element    class=orangehrm-login-forgot-header
______________________________________________________________________________
| FAIL |
Element with locator 'class=orangehrm-login-forgot-header' not found.
------------------------------------------------------------------------------
myTestCase                                                            | FAIL |
6 tests, 5 passed, 1 failed
==============================================================================
Output:  /Users/shyam.sunder/Documents/Projects/test_robot/myproject/myapp/output/pabot_results/0/output.xml
